#
# There is insufficient memory for the Java Runtime Environment to continue.
# Native memory allocation (mmap) failed to map 266338304 bytes for G1 virtual space
# Possible reasons:
#   The system is out of physical RAM or swap space
#   The process is running with CompressedOops enabled, and the Java Heap may be blocking the growth of the native heap
# Possible solutions:
#   Reduce memory load on the system
#   Increase physical memory or swap space
#   Check if swap backing store is full
#   Decrease Java heap size (-Xmx/-Xms)
#   Decrease number of Java threads
#   Decrease Java thread stack sizes (-Xss)
#   Set larger code cache with -XX:ReservedCodeCacheSize=
#   JVM is running with Zero Based Compressed Oops mode in which the Java heap is
#     placed in the first 32GB address space. The Java Heap base address is the
#     maximum limit for the native heap growth. Please use -XX:HeapBaseMinAddress
#     to set the Java Heap base and to place the Java Heap above 32GB virtual address.
# This output file may be truncated or incomplete.
#
#  Out of Memory Error (os_windows.cpp:3466), pid=22828, tid=1728
#
# JRE version:  (16.0.2+7) (build )
# Java VM: Java HotSpot(TM) 64-Bit Server VM (16.0.2+7-67, mixed mode, sharing, tiered, compressed oops, compressed class ptrs, g1 gc, windows-amd64)
# No core dump will be written. Minidumps are not enabled by default on client versions of Windows
#

---------------  S U M M A R Y ------------

Command Line: -Dclassworlds.conf=C:\ProgramData\chocolatey\lib\maven\apache-maven-3.8.1\bin\..\bin\m2.conf -Dmaven.home=C:\ProgramData\chocolatey\lib\maven\apache-maven-3.8.1\bin\.. -Dlibrary.jansi.path=C:\ProgramData\chocolatey\lib\maven\apache-maven-3.8.1\bin\..\lib\jansi-native -Dmaven.multiModuleProjectDirectory=C:\Users\njone\Desktop\Revature\Project0 org.codehaus.plexus.classworlds.launcher.Launcher compile

Host: Intel(R) Core(TM) i7-6700HQ CPU @ 2.60GHz, 8 cores, 15G,  Windows 10 , 64 bit Build 19041 (10.0.19041.1023)
Time: Wed Aug  4 10:20:12 2021 Eastern Daylight Time elapsed time: 0.021510 seconds (0d 0h 0m 0s)

---------------  T H R E A D  ---------------

Current thread (0x000001d24a2d8740):  JavaThread "Unknown thread" [_thread_in_vm, id=1728, stack(0x0000000c5ce00000,0x0000000c5cf00000)]

Stack: [0x0000000c5ce00000,0x0000000c5cf00000]
Native frames: (J=compiled Java code, j=interpreted, Vv=VM code, C=native code)
V  [jvm.dll+0x6681ca]
V  [jvm.dll+0x7c9e69]
V  [jvm.dll+0x7cb61e]
V  [jvm.dll+0x7cbc73]
V  [jvm.dll+0x242c55]
V  [jvm.dll+0x664f89]
V  [jvm.dll+0x659b75]
V  [jvm.dll+0x2fbfbb]
V  [jvm.dll+0x3031b6]
V  [jvm.dll+0x35299e]
V  [jvm.dll+0x352bcf]
V  [jvm.dll+0x2d3028]
V  [jvm.dll+0x2d4264]
V  [jvm.dll+0x79c741]
V  [jvm.dll+0x360791]
V  [jvm.dll+0x77a3f0]
V  [jvm.dll+0x3e4e8f]
V  [jvm.dll+0x3e6961]
C  [jli.dll+0x52fb]
C  [ucrtbase.dll+0x21bb2]
C  [KERNEL32.DLL+0x17034]
C  [ntdll.dll+0x52651]


---------------  P R O C E S S  ---------------

Threads class SMR info:
_java_thread_list=0x00007ffccb5ccbb8, length=0, elements={
}

Java Threads: ( => current thread )

Other Threads:
  0x000001d24a321f90 GCTaskThread "GC Thread#0" [stack: 0x0000000c5cf00000,0x0000000c5d000000] [id=21696]
  0x000001d24a332ef0 ConcurrentGCThread "G1 Main Marker" [stack: 0x0000000c5d000000,0x0000000c5d100000] [id=22720]
  0x000001d24a334180 ConcurrentGCThread "G1 Conc#0" [stack: 0x0000000c5d100000,0x0000000c5d200000] [id=4260]

[error occurred during error reporting (printing all threads), id 0xc0000005, EXCEPTION_ACCESS_VIOLATION (0xc0000005) at pc=0x00007ffccada3ee7]

VM state: not at safepoint (not fully initialized)

VM Mutex/Monitor currently owned by a thread:  ([mutex/lock_event])
[0x000001d24a2d6010] Heap_lock - owner thread: 0x000001d24a2d8740

Heap address: 0x0000000702a00000, size: 4054 MB, Compressed Oops mode: Zero based, Oop shift amount: 3

CDS archive(s) mapped at: [0x0000000000000000-0x0000000000000000-0x0000000000000000), size 0, SharedBaseAddress: 0x0000000800000000, ArchiveRelocationMode: 0.
Narrow klass base: 0x0000000000000000, Narrow klass shift: 0, Narrow klass range: 0x0

GC Precious Log:
<Empty>

Heap:
 garbage-first heap   total 0K, used 0K [0x0000000702a00000, 0x0000000800000000)
  region size 2048K, 0 young (0K), 0 survivors (0K)

[error occurred during error reporting (printing heap information), id 0xc0000005, EXCEPTION_ACCESS_VIOLATION (0xc0000005) at pc=0x00007ffccb181eed]

GC Heap History (0 events):
No events

Deoptimization events (0 events):
No events

Classes unloaded (0 events):
No events

Classes redefined (0 events):
No events

Internal exceptions (0 events):
No events

Events (1 events):
Event: 0.010 Loaded shared library D:\bin\java.dll


Dynamic libraries:
0x00007ff6d2a20000 - 0x00007ff6d2a30000 	D:\bin\java.exe
0x00007ffd45fb0000 - 0x00007ffd461a5000 	C:\WINDOWS\SYSTEM32\ntdll.dll
0x00007ffd25710000 - 0x00007ffd25723000 	C:\Program Files\AVAST Software\Avast\aswhook.dll
0x00007ffd45d00000 - 0x00007ffd45dbd000 	C:\WINDOWS\System32\KERNEL32.DLL
0x00007ffd43770000 - 0x00007ffd43a39000 	C:\WINDOWS\System32\KERNELBASE.dll
0x00007ffd43ef0000 - 0x00007ffd43ff0000 	C:\WINDOWS\System32\ucrtbase.dll
0x00007ffd285c0000 - 0x00007ffd285d8000 	D:\bin\jli.dll
0x00007ffd285a0000 - 0x00007ffd285b9000 	D:\bin\VCRUNTIME140.dll
0x00007ffd458d0000 - 0x00007ffd4597c000 	C:\WINDOWS\System32\ADVAPI32.dll
0x00007ffd446f0000 - 0x00007ffd4478e000 	C:\WINDOWS\System32\msvcrt.dll
0x00007ffd45dc0000 - 0x00007ffd45e5b000 	C:\WINDOWS\System32\sechost.dll
0x00007ffd45790000 - 0x00007ffd458ba000 	C:\WINDOWS\System32\RPCRT4.dll
0x00007ffd45040000 - 0x00007ffd451e0000 	C:\WINDOWS\System32\USER32.dll
0x00007ffd43ff0000 - 0x00007ffd44012000 	C:\WINDOWS\System32\win32u.dll
0x00007ffd2d430000 - 0x00007ffd2d6ca000 	C:\WINDOWS\WinSxS\amd64_microsoft.windows.common-controls_6595b64144ccf1df_6.0.19041.1110_none_60b5254171f9507e\COMCTL32.dll
0x00007ffd448d0000 - 0x00007ffd448fa000 	C:\WINDOWS\System32\GDI32.dll
0x00007ffd43c80000 - 0x00007ffd43d8b000 	C:\WINDOWS\System32\gdi32full.dll
0x00007ffd43a40000 - 0x00007ffd43add000 	C:\WINDOWS\System32\msvcp_win.dll
0x00007ffd3c730000 - 0x00007ffd3c73a000 	C:\WINDOWS\SYSTEM32\VERSION.dll
0x00007ffd45e60000 - 0x00007ffd45e90000 	C:\WINDOWS\System32\IMM32.DLL
0x00007ffd2b110000 - 0x00007ffd2b11c000 	D:\bin\vcruntime140_1.dll
0x00007ffd07fb0000 - 0x00007ffd08041000 	D:\bin\msvcp140.dll
0x00007ffccaac0000 - 0x00007ffccb66b000 	D:\bin\server\jvm.dll
0x00007ffd458c0000 - 0x00007ffd458c8000 	C:\WINDOWS\System32\PSAPI.DLL
0x00007ffd30cf0000 - 0x00007ffd30cf9000 	C:\WINDOWS\SYSTEM32\WSOCK32.dll
0x00007ffd30110000 - 0x00007ffd30137000 	C:\WINDOWS\SYSTEM32\WINMM.dll
0x00007ffd45290000 - 0x00007ffd452fb000 	C:\WINDOWS\System32\WS2_32.dll
0x00007ffd41f70000 - 0x00007ffd41f82000 	C:\WINDOWS\SYSTEM32\kernel.appcore.dll
0x00007ffd2add0000 - 0x00007ffd2adda000 	D:\bin\jimage.dll
0x00007ffd41360000 - 0x00007ffd41544000 	C:\WINDOWS\SYSTEM32\DBGHELP.DLL
0x00007ffd3a630000 - 0x00007ffd3a65c000 	C:\WINDOWS\SYSTEM32\dbgcore.DLL
0x00007ffd43bf0000 - 0x00007ffd43c73000 	C:\WINDOWS\System32\bcryptPrimitives.dll
0x00007ffd28570000 - 0x00007ffd28595000 	D:\bin\java.dll

dbghelp: loaded successfully - version: 4.0.5 - missing functions: none
symbol engine: initialized successfully - sym options: 0x614 - pdb path: .;D:\bin;C:\WINDOWS\SYSTEM32;C:\Program Files\AVAST Software\Avast;C:\WINDOWS\WinSxS\amd64_microsoft.windows.common-controls_6595b64144ccf1df_6.0.19041.1110_none_60b5254171f9507e;D:\bin\server

VM Arguments:
jvm_args: -Dclassworlds.conf=C:\ProgramData\chocolatey\lib\maven\apache-maven-3.8.1\bin\..\bin\m2.conf -Dmaven.home=C:\ProgramData\chocolatey\lib\maven\apache-maven-3.8.1\bin\.. -Dlibrary.jansi.path=C:\ProgramData\chocolatey\lib\maven\apache-maven-3.8.1\bin\..\lib\jansi-native -Dmaven.multiModuleProjectDirectory=C:\Users\njone\Desktop\Revature\Project0 
java_command: org.codehaus.plexus.classworlds.launcher.Launcher compile
java_class_path (initial): C:\ProgramData\chocolatey\lib\maven\apache-maven-3.8.1\bin\..\boot\plexus-classworlds-2.6.0.jar
Launcher Type: SUN_STANDARD

[Global flags]
     intx CICompilerCount                          = 4                                         {product} {ergonomic}
     uint ConcGCThreads                            = 2                                         {product} {ergonomic}
     uint G1ConcRefinementThreads                  = 8                                         {product} {ergonomic}
   size_t G1HeapRegionSize                         = 2097152                                   {product} {ergonomic}
    uintx GCDrainStackTargetSize                   = 64                                        {product} {ergonomic}
   size_t InitialHeapSize                          = 266338304                                 {product} {ergonomic}
   size_t MarkStackSize                            = 4194304                                   {product} {ergonomic}
   size_t MaxHeapSize                              = 4250927104                                {product} {ergonomic}
   size_t MinHeapDeltaBytes                        = 2097152                                   {product} {ergonomic}
   size_t MinHeapSize                              = 8388608                                   {product} {ergonomic}
    uintx NonNMethodCodeHeapSize                   = 5839372                                {pd product} {ergonomic}
    uintx NonProfiledCodeHeapSize                  = 122909434                              {pd product} {ergonomic}
    uintx ProfiledCodeHeapSize                     = 122909434                              {pd product} {ergonomic}
    uintx ReservedCodeCacheSize                    = 251658240                              {pd product} {ergonomic}
     bool SegmentedCodeCache                       = true                                      {product} {ergonomic}
   size_t SoftMaxHeapSize                          = 4250927104                             {manageable} {ergonomic}
     bool UseCompressedClassPointers               = true                           {product lp64_product} {ergonomic}
     bool UseCompressedOops                        = true                           {product lp64_product} {ergonomic}
     bool UseG1GC                                  = true                                      {product} {ergonomic}
     bool UseLargePagesIndividualAllocation        = false                                  {pd product} {ergonomic}

Logging:
Log output configuration:
 #0: stdout all=warning uptime,level,tags
 #1: stderr all=off uptime,level,tags

Environment Variables:
PATH=C:\Program Files\Common Files\Oracle\Java\javapath;C:\Program Files (x86)\Common Files\Intel\Shared Libraries\redist\intel64\compiler;C:\Program Files (x86)\Common Files\Oracle\Java\javapath;C:\ProgramData\Oracle\Java\javapath;C:\Windows\system32;C:\Windows;C:\Windows\System32\Wbem;C:\Windows\System32\WindowsPowerShell\v1.0\;C:\WINDOWS\system32;C:\WINDOWS;C:\WINDOWS\System32\Wbem;C:\WINDOWS\System32\WindowsPowerShell\v1.0\;C:\WINDOWS\System32\OpenSSH\;C:\Program Files\Microsoft SQL Server\Client SDK\ODBC\110\Tools\Binn\;C:\Program Files (x86)\Microsoft SQL Server\120\Tools\Binn\;C:\Program Files\Microsoft SQL Server\120\Tools\Binn\;C:\Program Files\Microsoft SQL Server\120\DTS\Binn\;C:\Program Files (x86)\Windows Kits\8.1\Windows Performance Toolkit\;C:\Program Files\MATLAB\R2018b\runtime\win64;C:\Program Files\MATLAB\R2018b\bin;C:\Program Files (x86)\Intel\Intel(R) Management Engine Components\DAL;C:\Program Files\Intel\Intel(R) Management Engine Components\DAL;C:\Program Files\Intel\WiFi\bin\;C:\Program Files\Common Files\Intel\WirelessCommon\;C:\ProgramData\chocolatey\bin;C:\ProgramData\chocolatey\lib\maven\apache-maven-3.8.1\bin;C:\Program Files\Docker\Docker\resources\bin;C:\ProgramData\DockerDesktop\version-bin;D:\Git\cmd;C:\Users\njone\AppData\Local\Microsoft\WindowsApps;C:\Program Files\Intel\WiFi\bin\;C:\Program Files\Common Files\Intel\WirelessCommon\;D:\IntelliJ IDEA Community Edition 2021.1.3\bin;
USERNAME=njone
OS=Windows_NT
PROCESSOR_IDENTIFIER=Intel64 Family 6 Model 94 Stepping 3, GenuineIntel



---------------  S Y S T E M  ---------------

OS:
 Windows 10 , 64 bit Build 19041 (10.0.19041.1023)
OS uptime: 0 days 20:14 hours
Hyper-V role detected

CPU: total 8 (initial active 8) (4 cores per cpu, 2 threads per core) family 6 model 94 stepping 3 microcode 0xd6, cx8, cmov, fxsr, ht, mmx, 3dnowpref, sse, sse2, sse3, ssse3, sse4.1, sse4.2, popcnt, lzcnt, tsc, tscinvbit, avx, avx2, aes, erms, clmul, bmi1, bmi2, rtm, adx, fma, vzeroupper, clflush, clflushopt, hv

Memory: 4k page, system-wide physical 16211M (1818M free)
TotalPageFile size 16211M (AvailPageFile size 134M)
current process WorkingSet (physical memory assigned to process): 10M, peak: 10M
current process commit charge ("private bytes"): 60M, peak: 314M

vm_info: Java HotSpot(TM) 64-Bit Server VM (16.0.2+7-67) for windows-amd64 JRE (16.0.2+7-67), built on Jun  8 2021 23:24:19 by "mach5one" with MS VC++ 16.7 (VS2019)

END.
